0 info it worked if it ends with ok
1 verbose cli [
1 verbose cli   '/usr/local/bin/node',
1 verbose cli   '/home/andrejaques/node_modules/.bin/npm',
1 verbose cli   'run',
1 verbose cli   'test-coverage',
1 verbose cli   '--',
1 verbose cli   '--coverageReporters=json-summary',
1 verbose cli   '--testFailureExitCode=0'
1 verbose cli ]
2 info using npm@2.15.12
3 info using node@v14.17.4
4 verbose run-script [ 'pretest-coverage', 'test-coverage', 'posttest-coverage' ]
5 info pretest-coverage recipes-app-test@0.1.0
6 info test-coverage recipes-app-test@0.1.0
7 verbose unsafe-perm in lifecycle true
8 info recipes-app-test@0.1.0 Failed to exec test-coverage script
9 verbose stack Error: recipes-app-test@0.1.0 test-coverage: `react-scripts test --coverage --watchAll=false "--coverageReporters=json-summary" "--testFailureExitCode=0"`
9 verbose stack Exit status 1
9 verbose stack     at EventEmitter.<anonymous> (/home/andrejaques/node_modules/npm/lib/utils/lifecycle.js:217:16)
9 verbose stack     at EventEmitter.emit (events.js:400:28)
9 verbose stack     at ChildProcess.<anonymous> (/home/andrejaques/node_modules/npm/lib/utils/spawn.js:24:14)
9 verbose stack     at ChildProcess.emit (events.js:400:28)
9 verbose stack     at maybeClose (internal/child_process.js:1055:16)
9 verbose stack     at Process.ChildProcess._handle.onexit (internal/child_process.js:288:5)
10 verbose pkgid recipes-app-test@0.1.0
11 verbose cwd /home/andrejaques/Documents/Trybe/projects/sd-12/sd-012-project-recipes-app
12 error Linux 5.11.0-27-generic
13 error argv "/usr/local/bin/node" "/home/andrejaques/node_modules/.bin/npm" "run" "test-coverage" "--" "--coverageReporters=json-summary" "--testFailureExitCode=0"
14 error node v14.17.4
15 error npm  v2.15.12
16 error code ELIFECYCLE
17 error recipes-app-test@0.1.0 test-coverage: `react-scripts test --coverage --watchAll=false "--coverageReporters=json-summary" "--testFailureExitCode=0"`
17 error Exit status 1
18 error Failed at the recipes-app-test@0.1.0 test-coverage script 'react-scripts test --coverage --watchAll=false "--coverageReporters=json-summary" "--testFailureExitCode=0"'.
18 error This is most likely a problem with the recipes-app-test package,
18 error not with npm itself.
18 error Tell the author that this fails on your system:
18 error     react-scripts test --coverage --watchAll=false "--coverageReporters=json-summary" "--testFailureExitCode=0"
18 error You can get information on how to open an issue for this project with:
18 error     npm bugs recipes-app-test
18 error Or if that isn't available, you can get their info via:
18 error
18 error     npm owner ls recipes-app-test
18 error There is likely additional logging output above.
19 verbose exit [ 1, true ]
